2020-09-11 12:14:48,955 Selecionando modelo "execução_despesa"
2020-09-11 12:14:48,958 sucesso
2020-09-11 12:14:48,958 Quantidade de arquivos
2020-09-11 12:14:48,958 14 arquivos
2020-09-11 12:14:48,958 Carregando dados do arquivo "../dados/no\Execução Educ - NO (1) - Copia.xlsx"
2020-09-11 12:14:52,676 successo
2020-09-11 12:14:52,676 Ajustando ao modelo
2020-09-11 12:14:53,404 successo
2020-09-11 12:14:53,404 Gravando dados ajustados
2020-09-11 12:14:53,678 successo
2020-09-11 12:14:53,678 Carregando dados do arquivo "../dados/no\Execução Educ - NO (1).xlsx"
2020-09-11 12:14:57,109 successo
2020-09-11 12:14:57,110 Ajustando ao modelo
2020-09-11 12:14:57,816 successo
2020-09-11 12:14:57,816 Gravando dados ajustados
2020-09-11 12:14:58,087 successo
2020-09-11 12:14:58,087 Carregando dados do arquivo "../dados/no\Execução Educ - NO (2) - Copia.xlsx"
2020-09-11 12:15:01,748 successo
2020-09-11 12:15:01,748 Ajustando ao modelo
2020-09-11 12:15:02,515 successo
2020-09-11 12:15:02,515 Gravando dados ajustados
2020-09-11 12:15:02,792 successo
2020-09-11 12:15:02,792 Carregando dados do arquivo "../dados/no\Execução Educ - NO (2).xlsx"
2020-09-11 12:15:06,449 successo
2020-09-11 12:15:06,449 Ajustando ao modelo
2020-09-11 12:15:07,247 successo
2020-09-11 12:15:07,247 Gravando dados ajustados
2020-09-11 12:15:07,516 successo
2020-09-11 12:15:07,516 Carregando dados do arquivo "../dados/no\Execução Educ - NO (3) - Copia.xlsx"
2020-09-11 12:15:11,079 successo
2020-09-11 12:15:11,079 Ajustando ao modelo
2020-09-11 12:15:11,855 successo
2020-09-11 12:15:11,855 Gravando dados ajustados
2020-09-11 12:15:12,128 successo
2020-09-11 12:15:12,128 Carregando dados do arquivo "../dados/no\Execução Educ - NO (3).xlsx"
2020-09-11 12:15:15,683 successo
2020-09-11 12:15:15,683 Ajustando ao modelo
2020-09-11 12:15:16,442 successo
2020-09-11 12:15:16,442 Gravando dados ajustados
2020-09-11 12:15:16,708 successo
2020-09-11 12:15:16,709 Carregando dados do arquivo "../dados/no\Execução Educ - NO (4) - Copia.xlsx"
2020-09-11 12:15:20,668 successo
2020-09-11 12:15:20,669 Ajustando ao modelo
2020-09-11 12:15:21,484 successo
2020-09-11 12:15:21,484 Gravando dados ajustados
2020-09-11 12:15:21,816 successo
2020-09-11 12:15:21,816 Carregando dados do arquivo "../dados/no\Execução Educ - NO (4).xlsx"
2020-09-11 12:15:25,700 successo
2020-09-11 12:15:25,700 Ajustando ao modelo
2020-09-11 12:15:26,489 successo
2020-09-11 12:15:26,489 Gravando dados ajustados
2020-09-11 12:15:26,795 successo
2020-09-11 12:15:26,795 Carregando dados do arquivo "../dados/no\Execução Educ - NO (5) - Copia.xlsx"
2020-09-11 12:15:30,747 successo
2020-09-11 12:15:30,747 Ajustando ao modelo
2020-09-11 12:15:31,539 successo
2020-09-11 12:15:31,539 Gravando dados ajustados
2020-09-11 12:15:31,848 successo
2020-09-11 12:15:31,848 Carregando dados do arquivo "../dados/no\Execução Educ - NO (5).xlsx"
2020-09-11 12:15:35,818 successo
2020-09-11 12:15:35,818 Ajustando ao modelo
2020-09-11 12:15:36,637 successo
2020-09-11 12:15:36,638 Gravando dados ajustados
2020-09-11 12:15:37,021 successo
2020-09-11 12:15:37,021 Carregando dados do arquivo "../dados/no\Execução Educ - NO (6) - Copia.xlsx"
2020-09-11 12:15:41,046 successo
2020-09-11 12:15:41,046 Ajustando ao modelo
2020-09-11 12:15:41,836 successo
2020-09-11 12:15:41,836 Gravando dados ajustados
2020-09-11 12:15:42,146 successo
2020-09-11 12:15:42,146 Carregando dados do arquivo "../dados/no\Execução Educ - NO (6).xlsx"
2020-09-11 12:15:45,976 successo
2020-09-11 12:15:45,976 Ajustando ao modelo
2020-09-11 12:15:46,766 successo
2020-09-11 12:15:46,766 Gravando dados ajustados
2020-09-11 12:15:47,072 successo
2020-09-11 12:15:47,072 Carregando dados do arquivo "../dados/no\Execução Educ - NO - Copia.xlsx"
2020-09-11 12:15:51,002 successo
2020-09-11 12:15:51,003 Ajustando ao modelo
2020-09-11 12:15:51,809 successo
2020-09-11 12:15:51,809 Gravando dados ajustados
2020-09-11 12:15:52,125 successo
2020-09-11 12:15:52,125 Carregando dados do arquivo "../dados/no\Execução Educ - NO.xlsx"
2020-09-11 12:15:56,065 successo
2020-09-11 12:15:56,065 Ajustando ao modelo
2020-09-11 12:15:56,867 successo
2020-09-11 12:15:56,868 Gravando dados ajustados
2020-09-11 12:15:57,185 successo
2020-09-11 12:15:57,185 Removendo duplicatas
2020-09-11 12:15:57,755 successo
2020-09-11 12:15:57,755 Fechando o arquivo "teste 3.csv"
2020-09-11 12:15:57,767 successo
2020-09-11 12:15:57,769 Processamento finalizado com sucesso!
2020-09-11 12:15:57,769 Lista de arquivos: 

- ../dados/no\Execução Educ - NO (1) - Copia.xlsx
- ../dados/no\Execução Educ - NO (1).xlsx
- ../dados/no\Execução Educ - NO (2) - Copia.xlsx
- ../dados/no\Execução Educ - NO (2).xlsx
- ../dados/no\Execução Educ - NO (3) - Copia.xlsx
- ../dados/no\Execução Educ - NO (3).xlsx
- ../dados/no\Execução Educ - NO (4) - Copia.xlsx
- ../dados/no\Execução Educ - NO (4).xlsx
- ../dados/no\Execução Educ - NO (5) - Copia.xlsx
- ../dados/no\Execução Educ - NO (5).xlsx
- ../dados/no\Execução Educ - NO (6) - Copia.xlsx
- ../dados/no\Execução Educ - NO (6).xlsx
- ../dados/no\Execução Educ - NO - Copia.xlsx
- ../dados/no\Execução Educ - NO.xlsx
